<?xml version="1.0" encoding="UTF-8"?>
<!-- Generated by org.testng.reporters.JUnitXMLReporter -->
<testsuite hostname="LAPTOP-K5E8QQ0I" name="Test" tests="2" failures="1" timestamp="16 Feb 2020 10:35:01 GMT" time="25.816" errors="0">
  <testcase name="verifyTitleofsimpleform" time="2.981" classname="com.qatestcases.SinpleclassTestCases">
    <failure type="java.lang.AssertionError" message="expected [Selenium Easy - Best Demo website to practice Selenium Webdriver Online] but found [Selenium Easy Demo - Simple Form to Automate using Selenium]">
      <![CDATA[java.lang.AssertionError: expected [Selenium Easy - Best Demo website to practice Selenium Webdriver Online] but found [Selenium Easy Demo - Simple Form to Automate using Selenium]
	at com.qatestcases.SinpleclassTestCases.verifyTitleofsimpleform(SinpleclassTestCases.java:35)
... Removed 32 stack frames]]>
    </failure>
  </testcase> <!-- verifyTitleofsimpleform -->
  <testcase name="verifyShowMessageFeature" time="1.313" classname="com.qatestcases.SinpleclassTestCases"/>
</testsuite> <!-- Test -->
