<?xml version="1.0" encoding="UTF-8"?>
<!-- Generated by org.testng.reporters.JUnitXMLReporter -->
<testsuite hostname="LAPTOP-K5E8QQ0I" ignored="0" name="Test" tests="2" failures="0" timestamp="16 Feb 2020 06:21:42 GMT" time="0.055" errors="0">
  <testcase name="@BeforeClass setup" time="0.0" classname="com.qatestcases.SinpleclassTestCases">
    <failure type="java.lang.NullPointerException">
      <![CDATA[java.lang.NullPointerException
	at java.util.Hashtable.put(Hashtable.java:460)
	at java.util.Properties.setProperty(Properties.java:166)
	at java.lang.System.setProperty(System.java:796)
	at com.qa.base.BaseClass.initializeDriver(BaseClass.java:17)
	at com.qatestcases.SinpleclassTestCases.setup(SinpleclassTestCases.java:28)
... Removed 25 stack frames]]>
    </failure>
  </testcase> <!-- @BeforeClass setup -->
  <testcase name="@AfterClass tearDown" time="0.0" classname="com.qatestcases.SinpleclassTestCases">
    <skipped/>
  </testcase> <!-- @AfterClass tearDown -->
  <testcase name="verifyTitleofsimpleform" time="0.003" classname="com.qatestcases.SinpleclassTestCases">
    <skipped/>
  </testcase> <!-- verifyTitleofsimpleform -->
  <testcase name="verifyShowMessageFeature" time="0.003" classname="com.qatestcases.SinpleclassTestCases">
    <skipped/>
  </testcase> <!-- verifyShowMessageFeature -->
</testsuite> <!-- Test -->
