<?xml version="1.0" encoding="UTF-8"?>
<testsuite name="TestSuite" time="5.101" tests="2" errors="0" skipped="0" failures="1">
  <properties>
[...]
</properties>
  <testcase name="verifyTitleofsimpleform" classname="com.qatestcases.SinpleclassTestCases" time="3.784">
    <failure message="expected [Selenium Easy - Best Demo website to practice Selenium Webdriver Online] but found [Selenium Easy Demo - Simple Form to Automate using Selenium]" type="java.lang.AssertionError">java.lang.AssertionError: expected [Selenium Easy - Best Demo website to practice Selenium Webdriver Online] but found [Selenium Easy Demo - Simple Form to Automate using Selenium]
	at org.testng.Assert.fail(Assert.java:94)
	at org.testng.Assert.failNotEquals(Assert.java:494)
	at org.testng.Assert.assertEquals(Assert.java:123)
	at org.testng.Assert.assertEquals(Assert.java:176)
	at org.testng.Assert.assertEquals(Assert.java:186)
	at com.qatestcases.SinpleclassTestCases.verifyTitleofsimpleform(SinpleclassTestCases.java:35)
</failure>
    <system-out><![CDATA[
]]></system-out>
    <system-err><![CDATA[Starting ChromeDriver 79.0.3945.36 (3582db32b33893869b8c1339e8f4d9ed1816f143-refs/branch-heads/3945@{#614}) on port 64457
Only local connections are allowed.
Please protect ports used by ChromeDriver and related test frameworks to prevent access by malicious code.
[1581849280.997][WARNING]: This version of ChromeDriver has not been tested with Chrome version 80.
[1581849283.005][WARNING]: Timed out connecting to Chrome, retrying...
[1581849290.940][WARNING]: Timed out connecting to Chrome, retrying...
]]></system-err>
  </testcase>
  <testcase name="verifyShowMessageFeature" classname="com.qatestcases.SinpleclassTestCases" time="1.317"/>
</testsuite>